<?xml version="1.0" encoding="UTF-8"?>
<!-- Generated by org.testng.reporters.JUnitReportReporter -->
<testsuite skipped="0" hostname="DESKTOP-22O4Q4A" name="org.test.udmey.gettingstarted.AutomateGetRequest_ExtractSingleField_57" tests="1" failures="0" timestamp="14 Feb 2022 06:49:10 GMT" time="6.143" errors="0">
  <testcase name="validatestatuscode" time="6.143" classname="org.test.udmey.gettingstarted.AutomateGetRequest_ExtractSingleField_57"/>
</testsuite> <!-- org.test.udmey.gettingstarted.AutomateGetRequest_ExtractSingleField_57 -->
