<?xml version="1.0" encoding="UTF-8"?>
<!-- Generated by org.testng.reporters.JUnitReportReporter -->
<testsuite skipped="0" hostname="DESKTOP-22O4Q4A" name="org.test.udmey.request_specification.Request_Spec_Builder" tests="1" failures="0" timestamp="18 Nov 2021 14:34:02 GMT" time="9.055" errors="0">
  <testcase name="Request_Specification_Method" time="9.055" classname="org.test.udmey.request_specification.Request_Spec_Builder"/>
</testsuite> <!-- org.test.udmey.request_specification.Request_Spec_Builder -->
