<?xml version="1.0" encoding="UTF-8"?>
<!-- Generated by org.testng.reporters.JUnitReportReporter -->
<testsuite skipped="0" hostname="DESKTOP-22O4Q4A" name="org.test.udmey.complexJson.Complex_Json_Assesment" tests="1" failures="0" timestamp="23 Nov 2021 05:03:30 GMT" time="4.848" errors="0">
  <testcase name="Complex_Json_Assesment_Udmeny" time="4.848" classname="org.test.udmey.complexJson.Complex_Json_Assesment"/>
</testsuite> <!-- org.test.udmey.complexJson.Complex_Json_Assesment -->
