<?xml version="1.0" encoding="UTF-8"?>
<!-- Generated by org.testng.reporters.JUnitReportReporter -->
<testsuite skipped="0" hostname="DESKTOP-22O4Q4A" name="org.test.udmey.request_specification.BDD_To_NonBDD" tests="1" failures="0" timestamp="18 Nov 2021 08:06:09 GMT" time="4.891" errors="0">
  <testcase name="Request_Specification_Method" time="4.891" classname="org.test.udmey.request_specification.BDD_To_NonBDD"/>
</testsuite> <!-- org.test.udmey.request_specification.BDD_To_NonBDD -->
