<?xml version="1.0" encoding="UTF-8"?>
<!-- Generated by org.testng.reporters.JUnitReportReporter -->
<testsuite skipped="0" hostname="DESKTOP-22O4Q4A" name="org.test.udmey.request_specification.Req_Specification" tests="1" failures="0" timestamp="18 Nov 2021 07:39:04 GMT" time="11.168" errors="0">
  <testcase name="Req_Specification_Method" time="11.168" classname="org.test.udmey.request_specification.Req_Specification"/>
</testsuite> <!-- org.test.udmey.request_specification.Req_Specification -->
