<?xml version="1.0" encoding="UTF-8"?>
<!-- Generated by org.testng.reporters.JUnitReportReporter -->
<testsuite skipped="0" hostname="DESKTOP-22O4Q4A" name="org.test.udmey.AssertStatusCode" tests="1" failures="0" timestamp="07 Jan 2022 08:50:35 GMT" time="8.538" errors="0">
  <testcase name="StatusCode" time="8.538" classname="org.test.udmey.AssertStatusCode"/>
</testsuite> <!-- org.test.udmey.AssertStatusCode -->
