<?xml version="1.0" encoding="UTF-8"?>
<!-- Generated by org.testng.reporters.JUnitReportReporter -->
<testsuite skipped="0" hostname="DESKTOP-22O4Q4A" name="org.test.udmey.Response_Specification.Response_Specification" tests="1" failures="0" timestamp="21 Nov 2021 12:48:42 GMT" time="6.831" errors="0">
  <testcase name="validate_status_code" time="6.831" classname="org.test.udmey.Response_Specification.Response_Specification"/>
</testsuite> <!-- org.test.udmey.Response_Specification.Response_Specification -->
