<?xml version="1.0" encoding="UTF-8"?>
<!-- Generated by org.testng.reporters.JUnitReportReporter -->
<testsuite skipped="0" hostname="DESKTOP-22O4Q4A" name="org.test.udmey.Response_Specification.Default_Response_Specification" tests="1" failures="0" timestamp="21 Nov 2021 12:58:36 GMT" time="4.026" errors="0">
  <testcase name="validate_status_code" time="4.026" classname="org.test.udmey.Response_Specification.Default_Response_Specification"/>
</testsuite> <!-- org.test.udmey.Response_Specification.Default_Response_Specification -->
