<?xml version="1.0" encoding="UTF-8"?>
<!-- Generated by org.testng.reporters.JUnitReportReporter -->
<testsuite skipped="0" hostname="DESKTOP-22O4Q4A" name="org.test.AutomationGet" tests="2" failures="0" timestamp="10 Nov 2021 13:24:55 GMT" time="7.126" errors="0">
  <testcase name="validatestatuscode" time="1.577" classname="org.test.AutomationGet"/>
  <testcase name="validateresponsebody" time="5.549" classname="org.test.AutomationGet"/>
</testsuite> <!-- org.test.AutomationGet -->
