<?xml version="1.0" encoding="UTF-8"?>
<!-- Generated by org.testng.reporters.JUnitReportReporter -->
<testsuite skipped="0" hostname="DESKTOP-22O4Q4A" name="org.test.udmey.gettingstarted.Automatic_GetRequest_ExtractResponse_56" tests="1" failures="0" timestamp="11 Feb 2022 08:11:33 GMT" time="4.584" errors="0">
  <testcase name="validatestatuscode" time="4.584" classname="org.test.udmey.gettingstarted.Automatic_GetRequest_ExtractResponse_56"/>
</testsuite> <!-- org.test.udmey.gettingstarted.Automatic_GetRequest_ExtractResponse_56 -->
