<?xml version="1.0" encoding="UTF-8"?>
<!-- Generated by org.testng.reporters.JUnitReportReporter -->
<testsuite skipped="0" hostname="DESKTOP-22O4Q4A" name="org.test.udmey.gettingstarted.HamcrestAssertion_Extracted_Response_58" tests="1" failures="0" timestamp="14 Feb 2022 07:18:34 GMT" time="5.322" errors="0">
  <testcase name="validatestatuscode" time="5.322" classname="org.test.udmey.gettingstarted.HamcrestAssertion_Extracted_Response_58"/>
</testsuite> <!-- org.test.udmey.gettingstarted.HamcrestAssertion_Extracted_Response_58 -->
