<?xml version="1.0" encoding="UTF-8"?>
<!-- Generated by org.testng.reporters.JUnitReportReporter -->
<testsuite skipped="0" hostname="DESKTOP-22O4Q4A" name="org.test.udmey.gettingstarted.Automatic_AssertResponseBody_55" tests="1" failures="0" timestamp="11 Feb 2022 07:33:03 GMT" time="5.883" errors="0">
  <testcase name="validatestatuscode" time="5.883" classname="org.test.udmey.gettingstarted.Automatic_AssertResponseBody_55"/>
</testsuite> <!-- org.test.udmey.gettingstarted.Automatic_AssertResponseBody_55 -->
